2025-06-25 14:33:07,702 — INFO — Streamlit app started.
2025-06-25 14:33:15,616 — INFO — Streamlit app started.
2025-06-25 14:33:15,622 — INFO — User query: P001
2025-06-25 14:33:18,910 — INFO — Streamlit app started.
2025-06-25 14:33:32,621 — INFO — Streamlit app started.
2025-06-25 14:33:32,623 — INFO — User query: John Smith
2025-06-25 14:33:35,296 — INFO — Streamlit app started.
2025-06-25 14:34:13,329 — INFO — Streamlit app started.
2025-06-25 14:34:13,344 — INFO — User query: What are symtomps of kidney failure?
2025-06-25 14:34:16,038 — INFO — [RAG] Called by: ClinicalAgent | Query: What are symptoms of kidney failure?
2025-06-25 14:34:24,467 — INFO — [RAG] Responded by: ClinicalAgent | Result: {'query': 'What are symptoms of kidney failure?', 'result': 'Based on the provided nephrology reference, the symptoms of kidney failure (described as the "Uremic Syndrome") include:\n\n*   Poor appeti
2025-06-25 14:34:28,952 — INFO — Streamlit app started.
2025-06-25 14:35:02,200 — INFO — Streamlit app started.
2025-06-25 14:35:02,208 — INFO — User query: What's the latest research on SGLT2 inhibitors for kidney disease?
2025-06-25 14:35:03,594 — INFO — [RAG] Called by: ClinicalAgent | Query: latest research on SGLT2 inhibitors for kidney disease
2025-06-25 14:35:17,242 — INFO — [RAG] Responded by: ClinicalAgent | Result: {'query': 'latest research on SGLT2 inhibitors for kidney disease', 'result': 'Based on the provided nephrology references, the latest research on SGLT2 inhibitors for kidney disease includes:\n\n*   
2025-06-25 14:35:20,306 — INFO — [WebSearch] Called by: ClinicalAgent | Query: latest research on SGLT2 inhibitors for kidney disease 2022 2023 2024
2025-06-25 14:35:24,942 — INFO — Streamlit app started.
2025-06-25 14:38:13,673 — INFO — Streamlit app started.
2025-06-25 14:41:25,270 — INFO — Streamlit app started.
2025-06-25 14:41:25,311 — INFO — User query: P001
2025-06-25 14:41:41,077 — INFO — Streamlit app started.
2025-06-25 14:41:49,317 — INFO — Streamlit app started.
2025-06-25 14:41:49,323 — INFO — User query: John Smith
2025-06-25 14:41:54,413 — INFO — Streamlit app started.
2025-06-25 14:42:16,355 — INFO — Streamlit app started.
2025-06-25 14:42:16,365 — INFO — User query: what exercises want to do get healthy?
2025-06-25 14:42:19,192 — INFO — [RAG] Called by: ClinicalAgent | Query: what exercises to do to get healthy
2025-06-25 14:42:31,980 — INFO — [RAG] Responded by: ClinicalAgent | Result: {'query': 'what exercises to do to get healthy', 'result': "Based on the provided nephrology reference, there is no information available about general exercises to do to get healthy. The references p
2025-06-25 14:42:36,437 — INFO — Streamlit app started.
2025-06-25 14:48:50,719 — INFO — Streamlit app started.
2025-06-25 14:49:02,679 — INFO — Streamlit app started.
2025-06-25 14:49:02,686 — INFO — User query: hi
2025-06-25 14:49:04,955 — INFO — Streamlit app started.
2025-06-25 14:49:33,671 — INFO — Streamlit app started.
2025-06-25 14:49:33,676 — INFO — User query: P001
2025-06-25 14:49:38,619 — INFO — Streamlit app started.
2025-06-25 14:50:36,531 — INFO — Streamlit app started.
2025-06-25 14:50:36,535 — INFO — User query: John Smith
2025-06-25 14:50:42,015 — INFO — Streamlit app started.
2025-06-25 14:51:20,327 — INFO — Streamlit app started.
2025-06-25 14:51:20,333 — INFO — User query: what disease is becmoning more spread in th world?
2025-06-25 14:51:23,113 — INFO — [WebSearch] Called by: ClinicalAgent | Query: what disease is becoming more spread in the world?
2025-06-25 14:51:24,236 — INFO — [WebSearch] Responded by: ClinicalAgent | Result: Explore the top infectious disease threats in 2025, including TB, malaria, and H5N1. Learn how IDT supports research with NGS and PCR solutions. Across the world, there are many dangerous infectious d
2025-06-25 14:51:27,796 — INFO — Streamlit app started.
2025-06-25 14:51:52,940 — INFO — Streamlit app started.
2025-06-25 14:51:52,946 — INFO — User query: What's the latest research on SGLT2 inhibitors for kidney disease?
2025-06-25 14:51:55,167 — INFO — [RAG] Called by: ClinicalAgent | Query: latest research on SGLT2 inhibitors for kidney disease
2025-06-25 14:52:12,375 — INFO — [RAG] Responded by: ClinicalAgent | Result: {'query': 'latest research on SGLT2 inhibitors for kidney disease', 'result': 'Based on the provided nephrology references, the latest research on SGLT2 inhibitors for kidney disease highlights their 
2025-06-25 14:52:14,943 — INFO — [WebSearch] Called by: ClinicalAgent | Query: latest research on SGLT2 inhibitors for kidney disease 2022 2023 2024
2025-06-25 14:52:16,336 — INFO — [WebSearch] Responded by: ClinicalAgent | Result: SGLT2 inhibitors can help to slow the decline in kidney function and lower the risk of death and hospitalizations in people with CKD. Research has shown that a wide range of people with CKD could bene
2025-06-25 14:52:20,826 — INFO — Streamlit app started.
2025-06-25 15:00:22,855 — INFO — Streamlit app started.
2025-06-25 15:00:31,339 — INFO — Streamlit app started.
2025-06-25 15:00:31,342 — INFO — User query: hi
2025-06-25 15:00:33,191 — INFO — Streamlit app started.
2025-06-25 15:00:41,203 — INFO — Streamlit app started.
2025-06-25 15:00:41,205 — INFO — User query: P001
2025-06-25 15:00:44,738 — INFO — Streamlit app started.
