2025-06-25 16:27:14,800 — INFO — User query: hi
2025-06-25 16:27:52,549 — INFO — User query: P001
2025-06-25 16:28:08,050 — INFO — User query: John Smith
2025-06-25 16:28:28,212 — INFO — User query: what are symtomps of kidney failure
2025-06-25 16:28:30,867 — INFO — [RAG] Called by: clinical_assistant | Query: symptoms of kidney failure
2025-06-25 16:28:37,211 — INFO — [RAG] Responded by: clinical_assistant | Result: {'query': 'symptoms of kidney failure', 'result': 'Based on the provided text, the symptoms of kidney failure (uremic syndrome) include:\n\n*   Poor appetite, weight loss\n*   Diminished taste\n*   Pr
2025-06-25 16:34:21,132 — INFO — User query: hi
2025-06-25 16:34:44,241 — INFO — User query: how are you?
2025-06-25 16:35:07,199 — INFO — User query: P001
2025-06-25 16:35:47,562 — INFO — User query: John Smith
2025-06-25 16:36:04,755 — INFO — User query: who are you?
2025-06-25 16:46:48,228 — INFO — User query: hi
2025-06-25 16:47:13,714 — INFO — User query: hi
2025-06-25 16:47:21,140 — INFO — User query: P001
2025-06-25 16:47:43,682 — INFO — User query: hi
2025-06-25 16:47:57,089 — INFO — User query: hello
2025-06-25 16:48:07,486 — INFO — User query: John Smith
2025-06-25 16:49:36,353 — INFO — User query: hi
2025-06-25 16:49:58,058 — INFO — User query: nothing

2025-06-25 16:50:17,407 — INFO — User query: who are you?
2025-06-25 16:50:34,289 — INFO — User query: then ask me patient id
2025-06-25 16:51:01,707 — INFO — User query: what is this , i want to say that what you want t to do
2025-06-25 16:59:55,179 — INFO — User query: hi
2025-06-25 17:00:12,753 — INFO — User query: P001
2025-06-25 17:00:22,537 — INFO — User query: Sathvika
